<?xml version="1.0" encoding="UTF-8"?>
<!-- Generated by org.testng.reporters.JUnitXMLReporter -->
<testsuite ignored="4" hostname="DESKTOP-032BQ8K" failures="0" tests="1" name="Default test" time="45.759" errors="0" timestamp="2022-10-01T13:52:33 IST">
  <testcase classname="com.mystore.testcases.AccountCreationPageTest" name="creaatingAccountTestingWithDataProviderAndNewExcelLibrary" time="21.859"/>
  <testcase classname="com.mystore.testcases.AccountCreationPageTest" name="createAccountTestHM" time="0.0">
    <ignored/>
  </testcase> <!-- createAccountTestHM -->
  <testcase classname="com.mystore.testcases.AccountCreationPageTest" name="creaatingAccountTestingDp" time="0.0">
    <ignored/>
  </testcase> <!-- creaatingAccountTestingDp -->
  <testcase classname="com.mystore.testcases.AccountCreationPageTest" name="createAccountTest" time="0.0">
    <ignored/>
  </testcase> <!-- createAccountTest -->
  <testcase classname="com.mystore.testcases.AccountCreationPageTest" name="creaatingAccountTesting" time="0.0">
    <ignored/>
  </testcase> <!-- creaatingAccountTesting -->
</testsuite> <!-- Default test -->
