<?xml version="1.0" encoding="UTF-8"?>
<!-- Generated by org.testng.reporters.JUnitXMLReporter -->
<testsuite ignored="0" hostname="DESKTOP-032BQ8K" failures="1" tests="1" name="TestAll7" time="262.306" errors="0" timestamp="2022-09-25T22:27:02 IST">
  <testcase classname="com.mystore.testcases.AddToCartPageTest" name="addToCartTest" time="111.578">
    <failure type="java.lang.AssertionError" message="addToCartTest product not added expected [true] but found [false]">
      <![CDATA[java.lang.AssertionError: addToCartTest product not added expected [true] but found [false]
at com.mystore.testcases.AddToCartPageTest.addToCartTest(AddToCartPageTest.java:33)
at java.base/java.util.ArrayList.forEach(ArrayList.java:1541)
at java.base/java.util.concurrent.FutureTask.run(FutureTask.java:264)
at java.base/java.util.concurrent.ThreadPoolExecutor.runWorker(ThreadPoolExecutor.java:1128)
at java.base/java.util.concurrent.ThreadPoolExecutor$Worker.run(ThreadPoolExecutor.java:628)
at java.base/java.lang.Thread.run(Thread.java:834)
... Removed 21 stack frames]]>
    </failure>
  </testcase> <!-- addToCartTest -->
</testsuite> <!-- TestAll7 -->
