<?xml version="1.0" encoding="UTF-8"?>
<!-- Generated by org.testng.reporters.JUnitXMLReporter -->
<testsuite ignored="1" hostname="DESKTOP-032BQ8K" failures="0" tests="1" name="TestAll3" time="208.103" errors="0" timestamp="2022-09-25T22:26:08 IST">
  <testcase classname="com.mystore.testcases.IndexPageTest" name="myStoreLogoTest" time="0.139"/>
  <testcase classname="com.mystore.testcases.IndexPageTest" name="myStoreTitle" time="0.0">
    <ignored/>
  </testcase> <!-- myStoreTitle -->
</testsuite> <!-- TestAll3 -->
