<?xml version="1.0" encoding="UTF-8"?>
<!-- Generated by org.testng.reporters.JUnitXMLReporter -->
<testsuite ignored="1" hostname="DESKTOP-032BQ8K" failures="0" tests="1" name="Test" time="23.677" errors="0" timestamp="2022-09-25T22:20:24 IST">
  <testcase classname="com.mystore.testcases.IndexPageTest" name="myStoreLogoTest" time="0.241"/>
  <testcase classname="com.mystore.testcases.IndexPageTest" name="myStoreTitle" time="0.0">
    <ignored/>
  </testcase> <!-- myStoreTitle -->
</testsuite> <!-- Test -->
