<?xml version="1.0" encoding="UTF-8"?>
<testng-results ignored="0" total="1" passed="1" failed="0" skipped="0">
  <reporter-output>
  </reporter-output>
  <suite started-at="2022-09-25T18:24:59 IST" name="Default suite" finished-at="2022-09-25T18:25:45 IST" duration-ms="46421">
    <groups>
    </groups>
    <test started-at="2022-09-25T18:24:59 IST" name="Default test" finished-at="2022-09-25T18:25:45 IST" duration-ms="46421">
      <class name="com.mystore.testcases.AddToCartPageTest">
        <test-method is-config="true" signature="loadConfig()[pri:0, instance:com.mystore.testcases.AddToCartPageTest@2df9b86]" started-at="2022-09-25T18:24:59 IST" name="loadConfig" finished-at="2022-09-25T18:24:59 IST" duration-ms="7" status="PASS">
          <reporter-output>
          </reporter-output>
        </test-method> <!-- loadConfig -->
        <test-method is-config="true" signature="setUp()[pri:0, instance:com.mystore.testcases.AddToCartPageTest@2df9b86]" started-at="2022-09-25T18:24:59 IST" name="setUp" finished-at="2022-09-25T18:25:15 IST" duration-ms="16292" status="PASS">
          <reporter-output>
          </reporter-output>
        </test-method> <!-- setUp -->
        <test-method signature="addToCartTest()[pri:0, instance:com.mystore.testcases.AddToCartPageTest@2df9b86]" started-at="2022-09-25T18:25:15 IST" name="addToCartTest" finished-at="2022-09-25T18:25:44 IST" duration-ms="28945" status="PASS">
          <reporter-output>
          </reporter-output>
        </test-method> <!-- addToCartTest -->
        <test-method is-config="true" signature="tearDown()[pri:0, instance:com.mystore.testcases.AddToCartPageTest@2df9b86]" started-at="2022-09-25T18:25:44 IST" name="tearDown" finished-at="2022-09-25T18:25:45 IST" duration-ms="1095" status="PASS">
          <reporter-output>
          </reporter-output>
        </test-method> <!-- tearDown -->
      </class> <!-- com.mystore.testcases.AddToCartPageTest -->
    </test> <!-- Default test -->
  </suite> <!-- Default suite -->
</testng-results>
